

[31m2020/12/13 15:28:14 [Recovery] 2020/12/13 - 15:28:14 panic recovered:
invalid input to ObjectIdHex: ""
/go/pkg/mod/gopkg.in/mgo.v2@v2.0.0-20190816093944-a6b53ec6cb22/bson/bson.go:174 (0x52bd56)
	ObjectIdHex: panic(fmt.Sprintf("invalid input to ObjectIdHex: %q", s))
/app/Backend/GoBackend/service/account-service.go:50 (0x70b998)
	(*AccountDataService).GetPassword: objectId := bson.ObjectIdHex(id)
/app/Backend/GoBackend/controller/account-controller.go:130 (0x83b1e4)
	ChangePasswordHandle: passoldDB, err := AccountService.GetPassword(data.ID)
/go/pkg/mod/github.com/gin-gonic/gin@v1.6.3/context.go:161 (0x82c33a)
	(*Context).Next: c.handlers[c.index](c)
/go/pkg/mod/github.com/gin-gonic/gin@v1.6.3/logger.go:241 (0x837884)
	LoggerWithConfig.func1: c.Next()
/go/pkg/mod/github.com/gin-gonic/gin@v1.6.3/context.go:161 (0x82c33a)
	(*Context).Next: c.handlers[c.index](c)
/go/pkg/mod/github.com/gin-gonic/gin@v1.6.3/recovery.go:83 (0x838784)
	RecoveryWithWriter.func1: c.Next()
/go/pkg/mod/github.com/gin-gonic/gin@v1.6.3/context.go:161 (0x82c33a)
	(*Context).Next: c.handlers[c.index](c)
/go/pkg/mod/github.com/gin-gonic/gin@v1.6.3/gin.go:409 (0x82f4f9)
	(*Engine).handleHTTPRequest: c.Next()
/go/pkg/mod/github.com/gin-gonic/gin@v1.6.3/gin.go:367 (0x82ed6c)
	(*Engine).ServeHTTP: engine.handleHTTPRequest(c)
/usr/local/go/src/net/http/server.go:2843 (0x6e0902)
	serverHandler.ServeHTTP: handler.ServeHTTP(rw, req)
/usr/local/go/src/net/http/server.go:1925 (0x6dcecc)
	(*conn).serve: serverHandler{c.server}.ServeHTTP(w, w.req)
/usr/local/go/src/runtime/asm_amd64.s:1374 (0x46c260)
	goexit: BYTE	$0x90	// NOP
[0m
