
--------- GoServer Start at 2020/11/25 16:38:19 ---------
[GIN-debug] POST   /api/account/login        --> GoBackend/controller.LoginHandle (4 handlers)
[GIN-debug] POST   /api/account/signup       --> GoBackend/controller.SignupHandle (4 handlers)
[GIN-debug] POST   /api/account/sendsms      --> GoBackend/controller.ConfirmTelbySMS (4 handlers)
[GIN-debug] POST   /api/account/checkkeycode --> GoBackend/controller.CheckTelbySMS (4 handlers)
[GIN-debug] GET    /category/                --> GoBackend/controller.LoadCategory (4 handlers)
[GIN-debug] POST   /category/                --> GoBackend/controller.CreateCategory (4 handlers)
[GIN-debug] GET    /slider/                  --> GoBackend/controller.LoadSlider (4 handlers)
[GIN-debug] POST   /slider/                  --> GoBackend/controller.CreateSlider (4 handlers)
[GIN-debug] GET    /                         --> GoBackend/route.RouteTest.func1 (4 handlers)
[GIN-debug] GET    /testauth/                --> GoBackend/route.RouteTest.func2 (5 handlers)
[GIN-debug] GET    /a/secure/                --> GoBackend/route.RouteAuth.func1 (5 handlers)
[GIN-debug] Environment variable PORT is undefined. Using port :8080 by default
[GIN-debug] Listening and serving HTTP on :8080

--------- GoServer Start at 2020/11/25 16:38:30 ---------
[GIN-debug] POST   /api/account/login        --> GoBackend/controller.LoginHandle (4 handlers)
[GIN-debug] POST   /api/account/signup       --> GoBackend/controller.SignupHandle (4 handlers)
[GIN-debug] POST   /api/account/sendsms      --> GoBackend/controller.ConfirmTelbySMS (4 handlers)
[GIN-debug] POST   /api/account/checkkeycode --> GoBackend/controller.CheckTelbySMS (4 handlers)
[GIN-debug] GET    /category/                --> GoBackend/controller.LoadCategory (4 handlers)
[GIN-debug] POST   /category/                --> GoBackend/controller.CreateCategory (4 handlers)
[GIN-debug] GET    /slider/                  --> GoBackend/controller.LoadSlider (4 handlers)
[GIN-debug] POST   /slider/                  --> GoBackend/controller.CreateSlider (4 handlers)
[GIN-debug] GET    /                         --> GoBackend/route.RouteTest.func1 (4 handlers)
[GIN-debug] GET    /testauth/                --> GoBackend/route.RouteTest.func2 (5 handlers)
[GIN-debug] GET    /a/secure/                --> GoBackend/route.RouteAuth.func1 (5 handlers)
[GIN-debug] Environment variable PORT is undefined. Using port :8080 by default
[GIN-debug] Listening and serving HTTP on :8080

--------- GoServer Start at 2020/11/25 16:38:39 ---------
[GIN-debug] POST   /api/account/login        --> GoBackend/controller.LoginHandle (4 handlers)
[GIN-debug] POST   /api/account/signup       --> GoBackend/controller.SignupHandle (4 handlers)
[GIN-debug] POST   /api/account/sendsms      --> GoBackend/controller.ConfirmTelbySMS (4 handlers)
[GIN-debug] POST   /api/account/checkkeycode --> GoBackend/controller.CheckTelbySMS (4 handlers)
[GIN-debug] GET    /category/                --> GoBackend/controller.LoadCategory (4 handlers)
[GIN-debug] POST   /category/                --> GoBackend/controller.CreateCategory (4 handlers)
[GIN-debug] GET    /slider/                  --> GoBackend/controller.LoadSlider (4 handlers)
[GIN-debug] POST   /slider/                  --> GoBackend/controller.CreateSlider (4 handlers)
[GIN-debug] GET    /                         --> GoBackend/route.RouteTest.func1 (4 handlers)
[GIN-debug] GET    /testauth/                --> GoBackend/route.RouteTest.func2 (5 handlers)
[GIN-debug] GET    /a/secure/                --> GoBackend/route.RouteAuth.func1 (5 handlers)
[GIN-debug] Environment variable PORT is undefined. Using port :8080 by default
[GIN-debug] Listening and serving HTTP on :8080

--------- GoServer Start at 2020/11/25 16:41:12 ---------
[GIN-debug] POST   /api/account/login        --> GoBackend/controller.LoginHandle (4 handlers)
[GIN-debug] POST   /api/account/signup       --> GoBackend/controller.SignupHandle (4 handlers)
[GIN-debug] POST   /api/account/sendsms      --> GoBackend/controller.ConfirmTelbySMS (4 handlers)
[GIN-debug] POST   /api/account/checkkeycode --> GoBackend/controller.CheckTelbySMS (4 handlers)
[GIN-debug] GET    /category/                --> GoBackend/controller.LoadCategory (4 handlers)
[GIN-debug] POST   /category/                --> GoBackend/controller.CreateCategory (4 handlers)
[GIN-debug] GET    /slider/                  --> GoBackend/controller.LoadSlider (4 handlers)
[GIN-debug] POST   /slider/                  --> GoBackend/controller.CreateSlider (4 handlers)
[GIN-debug] GET    /                         --> GoBackend/route.RouteTest.func1 (4 handlers)
[GIN-debug] GET    /testauth/                --> GoBackend/route.RouteTest.func2 (5 handlers)
[GIN-debug] GET    /a/secure/                --> GoBackend/route.RouteAuth.func1 (5 handlers)
[GIN-debug] Environment variable PORT is undefined. Using port :8080 by default
[GIN-debug] Listening and serving HTTP on :8080
2020/11/25 - 16:41:29 |404|      237ns |        ::1 |GET    "/a/sercure/"
2020/11/25 - 16:41:30 |404|      166ns |        ::1 |GET    "/a/sercure/"
2020/11/25 - 16:41:34 |200|   57.996µs |        ::1 |GET    "/"
[GIN-debug] redirecting request 301: /a/secure/ --> /a/secure/
2020/11/25 - 16:41:48 |200|  123.275µs |        ::1 |GET    "/a/secure/"
[GIN-debug] redirecting request 301: /a/secure/ --> /a/secure/
2020/11/25 - 16:41:51 |200|  121.647µs |        ::1 |GET    "/a/secure/"
[GIN-debug] redirecting request 301: /a/secure/ --> /a/secure/
2020/11/25 - 16:41:52 |200|  157.034µs |        ::1 |GET    "/a/secure/"
[GIN-debug] redirecting request 301: /a/secure/ --> /a/secure/
2020/11/25 - 16:41:52 |200|  130.404µs |        ::1 |GET    "/a/secure/"

--------- GoServer Start at 2020/11/25 16:42:05 ---------
2020/11/25 - 16:42:05 |404|      196ns |   10.1.0.1 |POST   "/testauth"
2020/11/25 - 16:42:48 |200| 6.343469ms |        ::1 |POST   "/api/account/login"

--------- GoServer Start at 2020/11/25 17:19:15 ---------
2020/11/25 - 17:19:15 |200| 6.689614ms |   10.1.0.1 |POST   "/api/account/login"

--------- GoServer Start at 2020/11/25 17:20:42 ---------
2020/11/25 - 17:20:42 |200| 5.974289ms |   10.1.0.1 |POST   "/api/account/login"

--------- GoServer Start at 2020/11/25 17:21:27 ---------

--------- GoServer Start at 2020/11/25 17:22:18 ---------

--------- GoServer Start at 2020/11/25 17:23:00 ---------
2020/11/25 - 17:23:00 |200| 2.142217ms |   10.1.0.1 |POST   "/api/account/login"
2020/11/25 - 17:23:01 |200|  749.232µs |   10.1.0.1 |POST   "/api/account/login"
2020/11/25 - 17:23:01 |200|  826.784µs |   10.1.0.1 |POST   "/api/account/login"
2020/11/25 - 17:23:02 |200|  886.448µs |   10.1.0.1 |POST   "/api/account/login"

--------- GoServer Start at 2020/11/25 17:35:26 ---------
2020/11/25 - 17:35:26 |200| 1.991981ms |   10.1.0.1 |POST   "/api/account/login"

--------- GoServer Start at 2020/11/25 17:36:15 ---------
2020/11/25 - 17:36:15 |200| 1.865781ms |   10.1.0.1 |POST   "/api/account/login"
2020/11/25 - 17:36:19 |200|  329.788µs |   10.1.0.1 |POST   "/api/account/signup"
2020/11/25 - 17:36:21 |200|  414.086µs |   10.1.0.1 |POST   "/api/account/signup"
2020/11/25 - 17:36:21 |200|  580.687µs |   10.1.0.1 |POST   "/api/account/signup"
2020/11/25 - 17:36:22 |200|  333.273µs |   10.1.0.1 |POST   "/api/account/signup"
2020/11/25 - 17:36:22 |200|  347.769µs |   10.1.0.1 |POST   "/api/account/signup"
2020/11/25 - 17:36:22 |200|  470.579µs |   10.1.0.1 |POST   "/api/account/signup"
2020/11/25 - 17:36:23 |200|  433.848µs |   10.1.0.1 |POST   "/api/account/signup"
2020/11/25 - 17:36:23 |200|  361.599µs |   10.1.0.1 |POST   "/api/account/signup"
2020/11/25 - 17:36:39 |200| 1.328487ms |   10.1.0.1 |GET    "/slider/"
2020/11/25 - 17:36:46 |200|  404.831µs |   10.1.0.1 |GET    "/category/"
2020/11/25 - 17:37:15 |200|  263.835µs |   10.1.0.1 |GET    "/category/"
2020/11/25 - 17:37:16 |200|  361.536µs |   10.1.0.1 |GET    "/category/"
